<?xml version="1.0" encoding="UTF-8"?>
<testng-results skipped="0" failed="0" total="1" passed="1">
  <reporter-output>
  </reporter-output>
  <suite name="Suite" duration-ms="9680" started-at="2019-10-20T22:45:56Z" finished-at="2019-10-20T22:46:06Z">
    <groups>
    </groups>
    <test name="Test" duration-ms="9680" started-at="2019-10-20T22:45:56Z" finished-at="2019-10-20T22:46:06Z">
      <class name="TestFramework.Sample">
        <test-method status="PASS" signature="open()" name="open" duration-ms="9664" started-at="2019-10-20T22:45:56Z" finished-at="2019-10-20T22:46:06Z">
        </test-method>
      </class>
    </test>
  </suite>
</testng-results>
